<?xml version="1.0" encoding="UTF-8"?>
<!-- Generated by org.testng.reporters.JUnitXMLReporter -->
<testsuite ignored="0" hostname="DESKTOP-5EVK54D" failures="0" tests="4" name="Default test" time="0.202" errors="0" timestamp="2023-04-19T19:45:13 IST">
  <testcase classname="testngdisc.Keywords" name="testcase3" time="0.026"/>
  <testcase classname="testngdisc.Keywords" name="testcase4" time="0.003"/>
  <testcase classname="testngdisc.Keywords" name="testcase1" time="0.005"/>
  <testcase classname="testngdisc.Keywords" name="testcase2" time="0.002"/>
</testsuite> <!-- Default test -->
