<?xml version="1.0" encoding="UTF-8"?>
<testng-results ignored="0" total="1" passed="1" failed="0" skipped="0">
  <reporter-output>
  </reporter-output>
  <suite started-at="2023-04-27T19:49:28 IST" name="Default suite" finished-at="2023-04-27T19:49:53 IST" duration-ms="24840">
    <groups>
    </groups>
    <test started-at="2023-04-27T19:49:28 IST" name="Default test" finished-at="2023-04-27T19:49:53 IST" duration-ms="24840">
      <class name="waits.FluentWaitDisc">
        <test-method signature="explicitWaitTest()[pri:0, instance:waits.FluentWaitDisc@7c711375]" started-at="2023-04-27T19:49:29 IST" name="explicitWaitTest" finished-at="2023-04-27T19:49:53 IST" duration-ms="24694" status="PASS">
          <reporter-output>
          </reporter-output>
        </test-method> <!-- explicitWaitTest -->
      </class> <!-- waits.FluentWaitDisc -->
    </test> <!-- Default test -->
  </suite> <!-- Default suite -->
</testng-results>
