<?xml version="1.0" encoding="UTF-8"?>
<testng-results ignored="0" total="2" passed="2" failed="0" skipped="0">
  <reporter-output>
  </reporter-output>
  <suite started-at="2023-04-24T20:01:48 IST" name="Suite" finished-at="2023-04-24T20:02:38 IST" duration-ms="50340">
    <groups>
    </groups>
    <test started-at="2023-04-24T20:01:48 IST" name="Test" finished-at="2023-04-24T20:02:38 IST" duration-ms="50340">
      <class name="testngdisc.ParallelTestCaseExecution">
        <test-method signature="searchFlight()[pri:0, instance:testngdisc.ParallelTestCaseExecution@57cf54e1]" started-at="2023-04-24T20:01:48 IST" name="searchFlight" finished-at="2023-04-24T20:02:38 IST" duration-ms="50230" status="PASS">
          <reporter-output>
          </reporter-output>
        </test-method> <!-- searchFlight -->
        <test-method signature="getDetails()[pri:0, instance:testngdisc.ParallelTestCaseExecution@57cf54e1]" started-at="2023-04-24T20:01:48 IST" name="getDetails" finished-at="2023-04-24T20:02:22 IST" duration-ms="34532" status="PASS">
          <reporter-output>
          </reporter-output>
        </test-method> <!-- getDetails -->
      </class> <!-- testngdisc.ParallelTestCaseExecution -->
    </test> <!-- Test -->
  </suite> <!-- Suite -->
</testng-results>
